This file contains any messages produced by compilers while
running configure, to aid debugging if configure makes a mistake.

It was created by jamyxer configure 1.0, which was
generated by GNU Autoconf 2.69.  Invocation command line was

  $ ./configure --with-readline CXX=clang++ --no-create --no-recursion

## --------- ##
## Platform. ##
## --------- ##

hostname = ArchPC
uname -m = x86_64
uname -r = 4.11.2-1-ARCH
uname -s = Linux
uname -v = #1 SMP PREEMPT Mon May 22 06:53:49 CEST 2017

/usr/bin/uname -p = unknown
/bin/uname -X     = unknown

/bin/arch              = unknown
/usr/bin/arch -k       = unknown
/usr/convex/getsysinfo = unknown
/usr/bin/hostinfo      = unknown
/bin/machine           = unknown
/usr/bin/oslevel       = unknown
/bin/universe          = unknown

PATH: /home/javier/.gem/ruby/2.4.0/bin
PATH: /home/javier/bin
PATH: /home/javier/.pyenv/shims
PATH: /home/javier/.pyenv/bin
PATH: /usr/local/bin
PATH: /usr/local/sbin
PATH: /usr/bin
PATH: /home/javier/.config/bspwm/panel
PATH: /opt/android-sdk/platform-tools
PATH: /usr/lib/jvm/default/bin
PATH: /usr/bin/site_perl
PATH: /usr/bin/vendor_perl
PATH: /usr/bin/core_perl
PATH: /home/javier/.fzf/bin


## ----------- ##
## Core tests. ##
## ----------- ##

configure:1887: checking for a BSD-compatible install
configure:1955: result: /usr/bin/install -c
configure:1966: checking whether build environment is sane
configure:2021: result: yes
configure:2172: checking for a thread-safe mkdir -p
configure:2211: result: /usr/bin/mkdir -p
configure:2218: checking for gawk
configure:2234: found /usr/bin/gawk
configure:2245: result: gawk
configure:2256: checking whether make sets $(MAKE)
configure:2278: result: yes
configure:2307: checking whether make supports nested variables
configure:2324: result: yes
configure:2578: checking for C++ compiler version
configure:2587: clang++ --version >&5
clang version 4.0.0 (tags/RELEASE_400/final)
Target: x86_64-unknown-linux-gnu
Thread model: posix
InstalledDir: /usr/bin
configure:2598: $? = 0
configure:2587: clang++ -v >&5
clang version 4.0.0 (tags/RELEASE_400/final)
Target: x86_64-unknown-linux-gnu
Thread model: posix
InstalledDir: /usr/bin
Found candidate GCC installation: /usr/bin/../lib/gcc/x86_64-pc-linux-gnu/6.3.1
Found candidate GCC installation: /usr/bin/../lib64/gcc/x86_64-pc-linux-gnu/6.3.1
Found candidate GCC installation: /usr/lib/gcc/x86_64-pc-linux-gnu/6.3.1
Found candidate GCC installation: /usr/lib64/gcc/x86_64-pc-linux-gnu/6.3.1
Selected GCC installation: /usr/bin/../lib64/gcc/x86_64-pc-linux-gnu/6.3.1
Candidate multilib: .;@m64
... rest of stderr output deleted ...
configure:2598: $? = 0
configure:2587: clang++ -V >&5
clang-4.0: error: argument to '-V' is missing (expected 1 value)
clang-4.0: error: no input files
configure:2598: $? = 1
configure:2587: clang++ -qversion >&5
clang-4.0: error: unknown argument: '-qversion'
clang-4.0: error: no input files
configure:2598: $? = 1
configure:2618: checking whether the C++ compiler works
configure:2640: clang++   -DWITH_READLINE  -ljack -ljsoncpp -pthread -lreadline conftest.cpp  >&5
configure:2644: $? = 0
configure:2692: result: yes
configure:2695: checking for C++ compiler default output file name
configure:2697: result: a.out
configure:2703: checking for suffix of executables
configure:2710: clang++ -o conftest   -DWITH_READLINE  -ljack -ljsoncpp -pthread -lreadline conftest.cpp  >&5
configure:2714: $? = 0
configure:2736: result: 
configure:2758: checking whether we are cross compiling
configure:2766: clang++ -o conftest   -DWITH_READLINE  -ljack -ljsoncpp -pthread -lreadline conftest.cpp  >&5
configure:2770: $? = 0
configure:2777: ./conftest
configure:2781: $? = 0
configure:2796: result: no
configure:2801: checking for suffix of object files
configure:2823: clang++ -c   -DWITH_READLINE conftest.cpp >&5
configure:2827: $? = 0
configure:2848: result: o
configure:2852: checking whether we are using the GNU C++ compiler
configure:2871: clang++ -c   -DWITH_READLINE conftest.cpp >&5
configure:2871: $? = 0
configure:2880: result: yes
configure:2889: checking whether clang++ accepts -g
configure:2909: clang++ -c -g  -DWITH_READLINE conftest.cpp >&5
configure:2909: $? = 0
configure:2950: result: yes
configure:2984: checking for style of include used by make
configure:3012: result: GNU
configure:3038: checking dependency style of clang++
configure:3149: result: gcc3
configure:3212: checking for gcc
configure:3228: found /usr/bin/gcc
configure:3239: result: gcc
configure:3468: checking for C compiler version
configure:3477: gcc --version >&5
gcc (GCC) 6.3.1 20170306
Copyright (C) 2016 Free Software Foundation, Inc.
This is free software; see the source for copying conditions.  There is NO
warranty; not even for MERCHANTABILITY or FITNESS FOR A PARTICULAR PURPOSE.

configure:3488: $? = 0
configure:3477: gcc -v >&5
Using built-in specs.
COLLECT_GCC=gcc
COLLECT_LTO_WRAPPER=/usr/lib/gcc/x86_64-pc-linux-gnu/6.3.1/lto-wrapper
Target: x86_64-pc-linux-gnu
Configured with: /build/gcc-multilib/src/gcc/configure --prefix=/usr --libdir=/usr/lib --libexecdir=/usr/lib --mandir=/usr/share/man --infodir=/usr/share/info --with-bugurl=https://bugs.archlinux.org/ --enable-languages=c,c++,ada,fortran,go,lto,objc,obj-c++ --enable-shared --enable-threads=posix --enable-libmpx --with-system-zlib --with-isl --enable-__cxa_atexit --disable-libunwind-exceptions --enable-clocale=gnu --disable-libstdcxx-pch --disable-libssp --enable-gnu-unique-object --enable-linker-build-id --enable-lto --enable-plugin --enable-install-libiberty --with-linker-hash-style=gnu --enable-gnu-indirect-function --enable-multilib --disable-werror --enable-checking=release
Thread model: posix
gcc version 6.3.1 20170306 (GCC) 
configure:3488: $? = 0
configure:3477: gcc -V >&5
gcc: error: unrecognized command line option '-V'
gcc: fatal error: no input files
compilation terminated.
configure:3488: $? = 1
configure:3477: gcc -qversion >&5
gcc: error: unrecognized command line option '-qversion'; did you mean '--version'?
gcc: fatal error: no input files
compilation terminated.
configure:3488: $? = 1
configure:3492: checking whether we are using the GNU C compiler
configure:3511: gcc -c   -DWITH_READLINE conftest.c >&5
configure:3511: $? = 0
configure:3520: result: yes
configure:3529: checking whether gcc accepts -g
configure:3549: gcc -c -g  -DWITH_READLINE conftest.c >&5
configure:3549: $? = 0
configure:3590: result: yes
configure:3607: checking for gcc option to accept ISO C89
configure:3670: gcc  -c -g -O2  -DWITH_READLINE conftest.c >&5
configure:3670: $? = 0
configure:3683: result: none needed
configure:3708: checking whether gcc understands -c and -o together
configure:3730: gcc -c conftest.c -o conftest2.o
configure:3733: $? = 0
configure:3730: gcc -c conftest.c -o conftest2.o
configure:3733: $? = 0
configure:3745: result: yes
configure:3764: checking dependency style of gcc
configure:3875: result: gcc3
configure:4018: checking that generated files are newer than configure
configure:4024: result: done
configure:4051: creating ./config.status

## ---------------- ##
## Cache variables. ##
## ---------------- ##

ac_cv_c_compiler_gnu=yes
ac_cv_cxx_compiler_gnu=yes
ac_cv_env_CCC_set=
ac_cv_env_CCC_value=
ac_cv_env_CC_set=
ac_cv_env_CC_value=
ac_cv_env_CFLAGS_set=
ac_cv_env_CFLAGS_value=
ac_cv_env_CPPFLAGS_set=
ac_cv_env_CPPFLAGS_value=
ac_cv_env_CXXFLAGS_set=
ac_cv_env_CXXFLAGS_value=
ac_cv_env_CXX_set=set
ac_cv_env_CXX_value=clang++
ac_cv_env_LDFLAGS_set=
ac_cv_env_LDFLAGS_value=
ac_cv_env_LIBS_set=
ac_cv_env_LIBS_value=
ac_cv_env_build_alias_set=
ac_cv_env_build_alias_value=
ac_cv_env_host_alias_set=
ac_cv_env_host_alias_value=
ac_cv_env_target_alias_set=
ac_cv_env_target_alias_value=
ac_cv_objext=o
ac_cv_path_install='/usr/bin/install -c'
ac_cv_path_mkdir=/usr/bin/mkdir
ac_cv_prog_AWK=gawk
ac_cv_prog_ac_ct_CC=gcc
ac_cv_prog_cc_c89=
ac_cv_prog_cc_g=yes
ac_cv_prog_cxx_g=yes
ac_cv_prog_make_make_set=yes
am_cv_CC_dependencies_compiler_type=gcc3
am_cv_CXX_dependencies_compiler_type=gcc3
am_cv_make_support_nested_variables=yes
am_cv_prog_cc_c_o=yes

## ----------------- ##
## Output variables. ##
## ----------------- ##

ACLOCAL='${SHELL} /home/javier/Code/cpp/Fyrelang3/missing aclocal-1.15'
AMDEPBACKSLASH='\'
AMDEP_FALSE='#'
AMDEP_TRUE=''
AMTAR='$${TAR-tar}'
AM_BACKSLASH='\'
AM_DEFAULT_V='$(AM_DEFAULT_VERBOSITY)'
AM_DEFAULT_VERBOSITY='1'
AM_V='$(V)'
AUTOCONF='${SHELL} /home/javier/Code/cpp/Fyrelang3/missing autoconf'
AUTOHEADER='${SHELL} /home/javier/Code/cpp/Fyrelang3/missing autoheader'
AUTOMAKE='${SHELL} /home/javier/Code/cpp/Fyrelang3/missing automake-1.15'
AWK='gawk'
CC='gcc'
CCDEPMODE='depmode=gcc3'
CFLAGS='-g -O2'
CPPFLAGS=' -DWITH_READLINE'
CXX='clang++'
CXXDEPMODE='depmode=gcc3'
CXXFLAGS='-g -O2 -std=c++11'
CYGPATH_W='echo'
DEFS='-DHAVE_CONFIG_H'
DEPDIR='.deps'
ECHO_C=''
ECHO_N='-n'
ECHO_T=''
EXEEXT=''
INSTALL_DATA='${INSTALL} -m 644'
INSTALL_PROGRAM='${INSTALL}'
INSTALL_SCRIPT='${INSTALL}'
INSTALL_STRIP_PROGRAM='$(install_sh) -c -s'
LDFLAGS=' -ljack -ljsoncpp -pthread -lreadline'
LIBOBJS=''
LIBS=''
LTLIBOBJS=''
MAKEINFO='${SHELL} /home/javier/Code/cpp/Fyrelang3/missing makeinfo'
MKDIR_P='/usr/bin/mkdir -p'
OBJEXT='o'
PACKAGE='jamyxer'
PACKAGE_BUGREPORT='javi.po.123@gmail.com'
PACKAGE_NAME='jamyxer'
PACKAGE_STRING='jamyxer 1.0'
PACKAGE_TARNAME='jamyxer'
PACKAGE_URL=''
PACKAGE_VERSION='1.0'
PATH_SEPARATOR=':'
SET_MAKE=''
SHELL='/bin/sh'
STRIP=''
VERSION='1.0'
ac_ct_CC='gcc'
ac_ct_CXX=''
am__EXEEXT_FALSE=''
am__EXEEXT_TRUE='#'
am__fastdepCC_FALSE='#'
am__fastdepCC_TRUE=''
am__fastdepCXX_FALSE='#'
am__fastdepCXX_TRUE=''
am__include='include'
am__isrc=''
am__leading_dot='.'
am__nodep='_no'
am__quote=''
am__tar='$${TAR-tar} chof - "$$tardir"'
am__untar='$${TAR-tar} xf -'
bindir='${exec_prefix}/bin'
build_alias=''
datadir='${datarootdir}'
datarootdir='${prefix}/share'
docdir='${datarootdir}/doc/${PACKAGE_TARNAME}'
dvidir='${docdir}'
exec_prefix='${prefix}'
host_alias=''
htmldir='${docdir}'
includedir='${prefix}/include'
infodir='${datarootdir}/info'
install_sh='${SHELL} /home/javier/Code/cpp/Fyrelang3/install-sh'
libdir='${exec_prefix}/lib'
libexecdir='${exec_prefix}/libexec'
localedir='${datarootdir}/locale'
localstatedir='${prefix}/var'
mandir='${datarootdir}/man'
mkdir_p='$(MKDIR_P)'
oldincludedir='/usr/include'
pdfdir='${docdir}'
prefix='/usr/local'
program_transform_name='s,x,x,'
psdir='${docdir}'
sbindir='${exec_prefix}/sbin'
sharedstatedir='${prefix}/com'
sysconfdir='${prefix}/etc'
target_alias=''

## ----------- ##
## confdefs.h. ##
## ----------- ##

/* confdefs.h */
#define PACKAGE_NAME "jamyxer"
#define PACKAGE_TARNAME "jamyxer"
#define PACKAGE_VERSION "1.0"
#define PACKAGE_STRING "jamyxer 1.0"
#define PACKAGE_BUGREPORT "javi.po.123@gmail.com"
#define PACKAGE_URL ""
#define PACKAGE "jamyxer"
#define VERSION "1.0"

configure: exit 0

## ---------------------- ##
## Running config.status. ##
## ---------------------- ##

This file was extended by jamyxer config.status 1.0, which was
generated by GNU Autoconf 2.69.  Invocation command line was

  CONFIG_FILES    = 
  CONFIG_HEADERS  = 
  CONFIG_LINKS    = 
  CONFIG_COMMANDS = 
  $ ./config.status 

on ArchPC

config.status:846: creating Makefile
config.status:846: creating src/Makefile
config.status:846: creating src/package_config.h
config.status:1027: src/package_config.h is unchanged
config.status:1075: executing depfiles commands

## ---------------------- ##
## Running config.status. ##
## ---------------------- ##

This file was extended by jamyxer config.status 1.0, which was
generated by GNU Autoconf 2.69.  Invocation command line was

  CONFIG_FILES    = 
  CONFIG_HEADERS  = 
  CONFIG_LINKS    = 
  CONFIG_COMMANDS = 
  $ ./config.status src/package_config.h

on ArchPC

config.status:846: creating src/package_config.h
config.status:1027: src/package_config.h is unchanged
